C:\Program Files (x86)\Microsoft Visual Studio\2017\Community\Common7\IDE\VC\VCTargets\Microsoft.CppBuild.targets(391,5): warning MSB8028: The intermediate directory (../Win32/Debug\) contains files shared from another project (idLib.vcxproj).  This can lead to incorrect clean and rebuild behavior.
  Player.cpp
c:\users\rlohi\documents\it266\it266-003\game-mod-q4\game\player.cpp(2753): warning C4458: declaration of 'skin' hides class member
  c:\users\rlohi\documents\it266\it266-003\game-mod-q4\game\player.h(896): note: see declaration of 'idPlayer::skin'
c:\users\rlohi\documents\it266\it266-003\game-mod-q4\game\player.cpp(3493): warning C4458: declaration of 'hud' hides class member
  c:\users\rlohi\documents\it266\it266-003\game-mod-q4\game\player.h(370): note: see declaration of 'idPlayer::hud'
c:\users\rlohi\documents\it266\it266-003\game-mod-q4\game\player.cpp(3494): warning C4458: declaration of 'mphud' hides class member
  c:\users\rlohi\documents\it266\it266-003\game-mod-q4\game\player.h(371): note: see declaration of 'idPlayer::mphud'
c:\users\rlohi\documents\it266\it266-003\game-mod-q4\game\player.cpp(3495): warning C4458: declaration of 'cursor' hides class member
  c:\users\rlohi\documents\it266\it266-003\game-mod-q4\game\player.h(957): note: see declaration of 'idPlayer::cursor'
c:\users\rlohi\documents\it266\it266-003\game-mod-q4\game\player.cpp(3657): warning C4458: declaration of 'cursor' hides class member
  c:\users\rlohi\documents\it266\it266-003\game-mod-q4\game\player.h(957): note: see declaration of 'idPlayer::cursor'
c:\users\rlohi\documents\it266\it266-003\game-mod-q4\game\player.cpp(3968): warning C4458: declaration of 'weaponDef' hides class member
  c:\users\rlohi\documents\it266\it266-003\game-mod-q4\game\player.h(367): note: see declaration of 'idPlayer::weaponDef'
c:\users\rlohi\documents\it266\it266-003\game-mod-q4\game\player.cpp(4286): warning C4458: declaration of 'weapon' hides class member
  c:\users\rlohi\documents\it266\it266-003\game-mod-q4\game\player.h(364): note: see declaration of 'idPlayer::weapon'
c:\users\rlohi\documents\it266\it266-003\game-mod-q4\game\player.cpp(4664): warning C4458: declaration of 'team' hides class member
  c:\users\rlohi\documents\it266\it266-003\game-mod-q4\game\actor.h(120): note: see declaration of 'idActor::team'
c:\users\rlohi\documents\it266\it266-003\game-mod-q4\game\player.cpp(4859): warning C4458: declaration of 'hud' hides class member
  c:\users\rlohi\documents\it266\it266-003\game-mod-q4\game\player.h(370): note: see declaration of 'idPlayer::hud'
c:\users\rlohi\documents\it266\it266-003\game-mod-q4\game\player.cpp(4972): warning C4456: declaration of 'i' hides previous local declaration
  c:\users\rlohi\documents\it266\it266-003\game-mod-q4\game\player.cpp(4855): note: see declaration of 'i'
c:\users\rlohi\documents\it266\it266-003\game-mod-q4\game\player.cpp(5115): warning C4458: declaration of 'weapon' hides class member
  c:\users\rlohi\documents\it266\it266-003\game-mod-q4\game\player.h(364): note: see declaration of 'idPlayer::weapon'
c:\users\rlohi\documents\it266\it266-003\game-mod-q4\game\player.cpp(5328): warning C4458: declaration of 'name' hides class member
  c:\users\rlohi\documents\it266\it266-003\game-mod-q4\game\entity.h(124): note: see declaration of 'idEntity::name'
c:\users\rlohi\documents\it266\it266-003\game-mod-q4\game\player.cpp(5345): warning C4458: declaration of 'name' hides class member
  c:\users\rlohi\documents\it266\it266-003\game-mod-q4\game\entity.h(124): note: see declaration of 'idEntity::name'
c:\users\rlohi\documents\it266\it266-003\game-mod-q4\game\player.cpp(6723): warning C4456: declaration of 'end' hides previous local declaration
  c:\users\rlohi\documents\it266\it266-003\game-mod-q4\game\player.cpp(6669): note: see declaration of 'end'
c:\users\rlohi\documents\it266\it266-003\game-mod-q4\game\player.cpp(9708): warning C4458: declaration of 'weapon' hides class member
  c:\users\rlohi\documents\it266\it266-003\game-mod-q4\game\player.h(364): note: see declaration of 'idPlayer::weapon'
c:\users\rlohi\documents\it266\it266-003\game-mod-q4\game\player.cpp(10000): warning C4458: declaration of 'damageScale' hides class member
  c:\users\rlohi\documents\it266\it266-003\game-mod-q4\game\actor.h(277): note: see declaration of 'idActor::damageScale'
c:\users\rlohi\documents\it266\it266-003\game-mod-q4\game\player.cpp(10000): warning C4458: declaration of 'health' hides class member
  c:\users\rlohi\documents\it266\it266-003\game-mod-q4\game\entity.h(137): note: see declaration of 'idEntity::health'
c:\users\rlohi\documents\it266\it266-003\game-mod-q4\game\player.cpp(10100): warning C4458: declaration of 'damageScale' hides class member
  c:\users\rlohi\documents\it266\it266-003\game-mod-q4\game\actor.h(277): note: see declaration of 'idActor::damageScale'
c:\users\rlohi\documents\it266\it266-003\game-mod-q4\game\player.cpp(10243): warning C4457: declaration of 'attacker' hides function parameter
  c:\users\rlohi\documents\it266\it266-003\game-mod-q4\game\player.cpp(10099): note: see declaration of 'attacker'
c:\users\rlohi\documents\it266\it266-003\game-mod-q4\game\player.cpp(10509): warning C4458: declaration of 'weapon' hides class member
  c:\users\rlohi\documents\it266\it266-003\game-mod-q4\game\player.h(364): note: see declaration of 'idPlayer::weapon'
c:\users\rlohi\documents\it266\it266-003\game-mod-q4\game\player.cpp(10642): warning C4458: declaration of 'viewAxis' hides class member
  c:\users\rlohi\documents\it266\it266-003\game-mod-q4\game\actor.h(123): note: see declaration of 'idActor::viewAxis'
c:\users\rlohi\documents\it266\it266-003\game-mod-q4\game\player.cpp(11154): warning C4458: declaration of 'viewAxis' hides class member
  c:\users\rlohi\documents\it266\it266-003\game-mod-q4\game\actor.h(123): note: see declaration of 'idActor::viewAxis'
c:\users\rlohi\documents\it266\it266-003\game-mod-q4\game\player.cpp(11272): warning C4458: declaration of 'cursor' hides class member
  c:\users\rlohi\documents\it266\it266-003\game-mod-q4\game\player.h(957): note: see declaration of 'idPlayer::cursor'
c:\users\rlohi\documents\it266\it266-003\game-mod-q4\game\player.cpp(11639): warning C4458: declaration of 'weapon' hides class member
  c:\users\rlohi\documents\it266\it266-003\game-mod-q4\game\player.h(364): note: see declaration of 'idPlayer::weapon'
c:\users\rlohi\documents\it266\it266-003\game-mod-q4\game\player.cpp(11692): warning C4458: declaration of 'weapon' hides class member
  c:\users\rlohi\documents\it266\it266-003\game-mod-q4\game\player.h(364): note: see declaration of 'idPlayer::weapon'
c:\users\rlohi\documents\it266\it266-003\game-mod-q4\game\player.cpp(12445): warning C4458: declaration of 'arena' hides class member
  c:\users\rlohi\documents\it266\it266-003\game-mod-q4\game\player.h(997): note: see declaration of 'idPlayer::arena'
c:\users\rlohi\documents\it266\it266-003\game-mod-q4\game\player.cpp(12736): warning C4458: declaration of 'team' hides class member
  c:\users\rlohi\documents\it266\it266-003\game-mod-q4\game\actor.h(120): note: see declaration of 'idActor::team'
c:\users\rlohi\documents\it266\it266-003\game-mod-q4\game\player.cpp(13033): warning C4458: declaration of 'weapon' hides class member
  c:\users\rlohi\documents\it266\it266-003\game-mod-q4\game\player.h(364): note: see declaration of 'idPlayer::weapon'
c:\users\rlohi\documents\it266\it266-003\game-mod-q4\game\player.cpp(13056): warning C4458: declaration of 'types' hides class member
  c:\users\rlohi\documents\it266\it266-003\game-mod-q4\game\gamesys\class.h(409): note: see declaration of 'idClass::types'
c:\users\rlohi\documents\it266\it266-003\game-mod-q4\game\player.cpp(14135): warning C4305: '+=': truncation from 'double' to 'float'
c:\users\rlohi\documents\it266\it266-003\game-mod-q4\game\player.cpp(14201): warning C4305: '+=': truncation from 'double' to 'float'
c:\users\rlohi\documents\it266\it266-003\game-mod-q4\game\player.cpp(14225): warning C4101: 'value': unreferenced local variable
c:\users\rlohi\documents\it266\it266-003\game-mod-q4\game\player.cpp(14226): warning C4101: 'i': unreferenced local variable
c:\users\rlohi\documents\it266\it266-003\game-mod-q4\game\player.cpp(14225): warning C4101: 'key': unreferenced local variable
c:\users\rlohi\documents\it266\it266-003\game-mod-q4\idlib\math\interpolate.h(68): warning C4458: declaration of 'startTime' hides class member
  c:\users\rlohi\documents\it266\it266-003\game-mod-q4\idlib\math\interpolate.h(42): note: see declaration of 'idInterpolate<float>::startTime'
  c:\users\rlohi\documents\it266\it266-003\game-mod-q4\idlib\math\interpolate.h(68): note: while compiling class template member function 'void idInterpolate<float>::Init(const float,const float,const type &,const type &)'
          with
          [
              type=float
          ]
  c:\users\rlohi\documents\it266\it266-003\game-mod-q4\game\player.cpp(1234): note: see reference to function template instantiation 'void idInterpolate<float>::Init(const float,const float,const type &,const type &)' being compiled
          with
          [
              type=float
          ]
  c:\users\rlohi\documents\it266\it266-003\game-mod-q4\idlib\math\curve.h(972): note: while compiling class template member function 'type idCurve_Spline<type>::ValueForIndex(const int) const'
          with
          [
              type=idAngles
          ]
  c:\users\rlohi\documents\it266\it266-003\game-mod-q4\idlib\math\curve.h(2018): note: see reference to function template instantiation 'type idCurve_Spline<type>::ValueForIndex(const int) const' being compiled
          with
          [
              type=idAngles
          ]
  c:\users\rlohi\documents\it266\it266-003\game-mod-q4\idlib\math\curve.h(2003): note: while compiling class template member function 'type idCurve_UniformCubicBSpline<type>::GetCurrentValue(const float) const'
          with
          [
              type=idAngles
          ]
c:\users\rlohi\documents\it266\it266-003\game-mod-q4\idlib\math\interpolate.h(68): warning C4458: declaration of 'duration' hides class member
  c:\users\rlohi\documents\it266\it266-003\game-mod-q4\idlib\math\interpolate.h(43): note: see declaration of 'idInterpolate<float>::duration'
c:\users\rlohi\documents\it266\it266-003\game-mod-q4\idlib\math\interpolate.h(68): warning C4458: declaration of 'startValue' hides class member
  c:\users\rlohi\documents\it266\it266-003\game-mod-q4\idlib\math\interpolate.h(44): note: see declaration of 'idInterpolate<float>::startValue'
c:\users\rlohi\documents\it266\it266-003\game-mod-q4\idlib\math\interpolate.h(68): warning C4458: declaration of 'endValue' hides class member
  c:\users\rlohi\documents\it266\it266-003\game-mod-q4\idlib\math\interpolate.h(45): note: see declaration of 'idInterpolate<float>::endValue'
c:\users\rlohi\documents\it266\it266-003\game-mod-q4\idlib\math\interpolate.h(108): warning C4458: declaration of 'startTime' hides class member
  c:\users\rlohi\documents\it266\it266-003\game-mod-q4\idlib\math\interpolate.h(42): note: see declaration of 'idInterpolate<idVec3>::startTime'
  c:\users\rlohi\documents\it266\it266-003\game-mod-q4\idlib\math\interpolate.h(108): note: while compiling class template member function 'type idInterpolate<type>::GetDeltaValue(float,float) const'
          with
          [
              type=idVec3
          ]
  c:\users\rlohi\documents\it266\it266-003\game-mod-q4\game\player.cpp(2265): note: see reference to class template instantiation 'idInterpolate<idVec3>' being compiled
  WeaponGrenadeLauncher.cpp
c:\users\rlohi\documents\it266\it266-003\game-mod-q4\game\weapon\weapongrenadelauncher.cpp(23): warning C4305: 'initializing': truncation from 'double' to 'float'
  WeaponHyperblaster.cpp
c:\users\rlohi\documents\it266\it266-003\game-mod-q4\game\weapon\weaponhyperblaster.cpp(32): warning C4305: 'initializing': truncation from 'double' to 'float'
  Generating Code...
C:\Program Files (x86)\Microsoft Visual Studio\2017\Community\Common7\IDE\VC\VCTargets\Microsoft.CppBuild.targets(391,5): warning MSB8028: The intermediate directory (../Win32/Debug\) contains files shared from another project (Game.vcxproj).  This can lead to incorrect clean and rebuild behavior.
C:\Program Files (x86)\Microsoft Visual Studio\2017\Community\Common7\IDE\VC\VCTargets\Microsoft.CppBuild.targets(1216,5): warning MSB8012: TargetPath(C:\Users\rlohi\Documents\IT266\IT266-003\Game-Mod-Q4\../Win32/Debug\Game.dll) does not match the Linker's OutputFile property value (C:\Users\rlohi\Documents\IT266\IT266-003\Win32\Debug\Gamex86.dll). This may cause your project to build incorrectly. To correct this, please make sure that $(OutDir), $(TargetName) and $(TargetExt) property values match the value specified in %(Link.OutputFile).
C:\Program Files (x86)\Microsoft Visual Studio\2017\Community\Common7\IDE\VC\VCTargets\Microsoft.CppBuild.targets(1218,5): warning MSB8012: TargetName(Game) does not match the Linker's OutputFile property value (Gamex86). This may cause your project to build incorrectly. To correct this, please make sure that $(OutDir), $(TargetName) and $(TargetExt) property values match the value specified in %(Link.OutputFile).
  game.vcxproj -> C:\Users\rlohi\Documents\IT266\IT266-003\Game-Mod-Q4\../Win32/Debug\Game.dll
