C:\Program Files (x86)\Microsoft Visual Studio\2017\Community\Common7\IDE\VC\VCTargets\Microsoft.CppBuild.targets(391,5): warning MSB8028: The intermediate directory (../Win32/Release\) contains files shared from another project (idLib.vcxproj).  This can lead to incorrect clean and rebuild behavior.
  Player.cpp
c:\users\rlohi\documents\it266\it266-003\game-mod-q4\game\player.cpp(2758): warning C4458: declaration of 'skin' hides class member
  c:\users\rlohi\documents\it266\it266-003\game-mod-q4\game\player.h(876): note: see declaration of 'idPlayer::skin'
c:\users\rlohi\documents\it266\it266-003\game-mod-q4\game\player.cpp(3500): warning C4458: declaration of 'hud' hides class member
  c:\users\rlohi\documents\it266\it266-003\game-mod-q4\game\player.h(356): note: see declaration of 'idPlayer::hud'
c:\users\rlohi\documents\it266\it266-003\game-mod-q4\game\player.cpp(3501): warning C4458: declaration of 'mphud' hides class member
  c:\users\rlohi\documents\it266\it266-003\game-mod-q4\game\player.h(357): note: see declaration of 'idPlayer::mphud'
c:\users\rlohi\documents\it266\it266-003\game-mod-q4\game\player.cpp(3502): warning C4458: declaration of 'cursor' hides class member
  c:\users\rlohi\documents\it266\it266-003\game-mod-q4\game\player.h(937): note: see declaration of 'idPlayer::cursor'
c:\users\rlohi\documents\it266\it266-003\game-mod-q4\game\player.cpp(3664): warning C4458: declaration of 'cursor' hides class member
  c:\users\rlohi\documents\it266\it266-003\game-mod-q4\game\player.h(937): note: see declaration of 'idPlayer::cursor'
c:\users\rlohi\documents\it266\it266-003\game-mod-q4\game\player.cpp(3975): warning C4458: declaration of 'weaponDef' hides class member
  c:\users\rlohi\documents\it266\it266-003\game-mod-q4\game\player.h(353): note: see declaration of 'idPlayer::weaponDef'
c:\users\rlohi\documents\it266\it266-003\game-mod-q4\game\player.cpp(4293): warning C4458: declaration of 'weapon' hides class member
  c:\users\rlohi\documents\it266\it266-003\game-mod-q4\game\player.h(350): note: see declaration of 'idPlayer::weapon'
c:\users\rlohi\documents\it266\it266-003\game-mod-q4\game\player.cpp(4671): warning C4458: declaration of 'team' hides class member
  c:\users\rlohi\documents\it266\it266-003\game-mod-q4\game\actor.h(120): note: see declaration of 'idActor::team'
c:\users\rlohi\documents\it266\it266-003\game-mod-q4\game\player.cpp(4866): warning C4458: declaration of 'hud' hides class member
  c:\users\rlohi\documents\it266\it266-003\game-mod-q4\game\player.h(356): note: see declaration of 'idPlayer::hud'
c:\users\rlohi\documents\it266\it266-003\game-mod-q4\game\player.cpp(4979): warning C4456: declaration of 'i' hides previous local declaration
  c:\users\rlohi\documents\it266\it266-003\game-mod-q4\game\player.cpp(4862): note: see declaration of 'i'
c:\users\rlohi\documents\it266\it266-003\game-mod-q4\game\player.cpp(5122): warning C4458: declaration of 'weapon' hides class member
  c:\users\rlohi\documents\it266\it266-003\game-mod-q4\game\player.h(350): note: see declaration of 'idPlayer::weapon'
c:\users\rlohi\documents\it266\it266-003\game-mod-q4\game\player.cpp(5335): warning C4458: declaration of 'name' hides class member
  c:\users\rlohi\documents\it266\it266-003\game-mod-q4\game\entity.h(124): note: see declaration of 'idEntity::name'
c:\users\rlohi\documents\it266\it266-003\game-mod-q4\game\player.cpp(5352): warning C4458: declaration of 'name' hides class member
  c:\users\rlohi\documents\it266\it266-003\game-mod-q4\game\entity.h(124): note: see declaration of 'idEntity::name'
c:\users\rlohi\documents\it266\it266-003\game-mod-q4\game\player.cpp(6730): warning C4456: declaration of 'end' hides previous local declaration
  c:\users\rlohi\documents\it266\it266-003\game-mod-q4\game\player.cpp(6676): note: see declaration of 'end'
c:\users\rlohi\documents\it266\it266-003\game-mod-q4\game\player.cpp(9714): warning C4458: declaration of 'weapon' hides class member
  c:\users\rlohi\documents\it266\it266-003\game-mod-q4\game\player.h(350): note: see declaration of 'idPlayer::weapon'
c:\users\rlohi\documents\it266\it266-003\game-mod-q4\game\player.cpp(10006): warning C4458: declaration of 'damageScale' hides class member
  c:\users\rlohi\documents\it266\it266-003\game-mod-q4\game\actor.h(277): note: see declaration of 'idActor::damageScale'
c:\users\rlohi\documents\it266\it266-003\game-mod-q4\game\player.cpp(10006): warning C4458: declaration of 'health' hides class member
  c:\users\rlohi\documents\it266\it266-003\game-mod-q4\game\entity.h(137): note: see declaration of 'idEntity::health'
c:\users\rlohi\documents\it266\it266-003\game-mod-q4\game\player.cpp(10106): warning C4458: declaration of 'damageScale' hides class member
  c:\users\rlohi\documents\it266\it266-003\game-mod-q4\game\actor.h(277): note: see declaration of 'idActor::damageScale'
c:\users\rlohi\documents\it266\it266-003\game-mod-q4\game\player.cpp(10249): warning C4457: declaration of 'attacker' hides function parameter
  c:\users\rlohi\documents\it266\it266-003\game-mod-q4\game\player.cpp(10105): note: see declaration of 'attacker'
c:\users\rlohi\documents\it266\it266-003\game-mod-q4\game\player.cpp(10515): warning C4458: declaration of 'weapon' hides class member
  c:\users\rlohi\documents\it266\it266-003\game-mod-q4\game\player.h(350): note: see declaration of 'idPlayer::weapon'
c:\users\rlohi\documents\it266\it266-003\game-mod-q4\game\player.cpp(10648): warning C4458: declaration of 'viewAxis' hides class member
  c:\users\rlohi\documents\it266\it266-003\game-mod-q4\game\actor.h(123): note: see declaration of 'idActor::viewAxis'
c:\users\rlohi\documents\it266\it266-003\game-mod-q4\game\player.cpp(11160): warning C4458: declaration of 'viewAxis' hides class member
  c:\users\rlohi\documents\it266\it266-003\game-mod-q4\game\actor.h(123): note: see declaration of 'idActor::viewAxis'
c:\users\rlohi\documents\it266\it266-003\game-mod-q4\game\player.cpp(11278): warning C4458: declaration of 'cursor' hides class member
  c:\users\rlohi\documents\it266\it266-003\game-mod-q4\game\player.h(937): note: see declaration of 'idPlayer::cursor'
c:\users\rlohi\documents\it266\it266-003\game-mod-q4\game\player.cpp(11645): warning C4458: declaration of 'weapon' hides class member
  c:\users\rlohi\documents\it266\it266-003\game-mod-q4\game\player.h(350): note: see declaration of 'idPlayer::weapon'
c:\users\rlohi\documents\it266\it266-003\game-mod-q4\game\player.cpp(11698): warning C4458: declaration of 'weapon' hides class member
  c:\users\rlohi\documents\it266\it266-003\game-mod-q4\game\player.h(350): note: see declaration of 'idPlayer::weapon'
c:\users\rlohi\documents\it266\it266-003\game-mod-q4\game\player.cpp(12451): warning C4458: declaration of 'arena' hides class member
  c:\users\rlohi\documents\it266\it266-003\game-mod-q4\game\player.h(977): note: see declaration of 'idPlayer::arena'
c:\users\rlohi\documents\it266\it266-003\game-mod-q4\game\player.cpp(12742): warning C4458: declaration of 'team' hides class member
  c:\users\rlohi\documents\it266\it266-003\game-mod-q4\game\actor.h(120): note: see declaration of 'idActor::team'
c:\users\rlohi\documents\it266\it266-003\game-mod-q4\game\player.cpp(13039): warning C4458: declaration of 'weapon' hides class member
  c:\users\rlohi\documents\it266\it266-003\game-mod-q4\game\player.h(350): note: see declaration of 'idPlayer::weapon'
c:\users\rlohi\documents\it266\it266-003\game-mod-q4\game\player.cpp(13062): warning C4458: declaration of 'types' hides class member
  c:\users\rlohi\documents\it266\it266-003\game-mod-q4\game\gamesys\class.h(409): note: see declaration of 'idClass::types'
c:\users\rlohi\documents\it266\it266-003\game-mod-q4\idlib\math\interpolate.h(68): warning C4458: declaration of 'startTime' hides class member
  c:\users\rlohi\documents\it266\it266-003\game-mod-q4\idlib\math\interpolate.h(42): note: see declaration of 'idInterpolate<float>::startTime'
  c:\users\rlohi\documents\it266\it266-003\game-mod-q4\idlib\math\interpolate.h(68): note: while compiling class template member function 'void idInterpolate<float>::Init(const float,const float,const type &,const type &)'
          with
          [
              type=float
          ]
  c:\users\rlohi\documents\it266\it266-003\game-mod-q4\game\player.cpp(1236): note: see reference to function template instantiation 'void idInterpolate<float>::Init(const float,const float,const type &,const type &)' being compiled
          with
          [
              type=float
          ]
  c:\users\rlohi\documents\it266\it266-003\game-mod-q4\idlib\math\curve.h(972): note: while compiling class template member function 'type idCurve_Spline<type>::ValueForIndex(const int) const'
          with
          [
              type=idAngles
          ]
  c:\users\rlohi\documents\it266\it266-003\game-mod-q4\idlib\math\curve.h(2018): note: see reference to function template instantiation 'type idCurve_Spline<type>::ValueForIndex(const int) const' being compiled
          with
          [
              type=idAngles
          ]
  c:\users\rlohi\documents\it266\it266-003\game-mod-q4\idlib\math\curve.h(2003): note: while compiling class template member function 'type idCurve_UniformCubicBSpline<type>::GetCurrentValue(const float) const'
          with
          [
              type=idAngles
          ]
c:\users\rlohi\documents\it266\it266-003\game-mod-q4\idlib\math\interpolate.h(68): warning C4458: declaration of 'duration' hides class member
  c:\users\rlohi\documents\it266\it266-003\game-mod-q4\idlib\math\interpolate.h(43): note: see declaration of 'idInterpolate<float>::duration'
c:\users\rlohi\documents\it266\it266-003\game-mod-q4\idlib\math\interpolate.h(68): warning C4458: declaration of 'startValue' hides class member
  c:\users\rlohi\documents\it266\it266-003\game-mod-q4\idlib\math\interpolate.h(44): note: see declaration of 'idInterpolate<float>::startValue'
c:\users\rlohi\documents\it266\it266-003\game-mod-q4\idlib\math\interpolate.h(68): warning C4458: declaration of 'endValue' hides class member
  c:\users\rlohi\documents\it266\it266-003\game-mod-q4\idlib\math\interpolate.h(45): note: see declaration of 'idInterpolate<float>::endValue'
c:\users\rlohi\documents\it266\it266-003\game-mod-q4\idlib\math\interpolate.h(108): warning C4458: declaration of 'startTime' hides class member
  c:\users\rlohi\documents\it266\it266-003\game-mod-q4\idlib\math\interpolate.h(42): note: see declaration of 'idInterpolate<idVec3>::startTime'
  c:\users\rlohi\documents\it266\it266-003\game-mod-q4\idlib\math\interpolate.h(108): note: while compiling class template member function 'type idInterpolate<type>::GetDeltaValue(float,float) const'
          with
          [
              type=idVec3
          ]
  c:\users\rlohi\documents\it266\it266-003\game-mod-q4\game\player.cpp(2270): note: see reference to class template instantiation 'idInterpolate<idVec3>' being compiled
c:\users\rlohi\documents\it266\it266-003\game-mod-q4\game\player.cpp(14275): warning C4701: potentially uninitialized local variable 'randNumber' used
C:\Program Files (x86)\Microsoft Visual Studio\2017\Community\Common7\IDE\VC\VCTargets\Microsoft.CppBuild.targets(1216,5): warning MSB8012: TargetPath(C:\Users\rlohi\Documents\IT266\IT266-003\Game-Mod-Q4\../Win32/Release\Game.dll) does not match the Linker's OutputFile property value (C:\Users\rlohi\Documents\IT266\IT266-003\Win32\Release\Gamex86.dll). This may cause your project to build incorrectly. To correct this, please make sure that $(OutDir), $(TargetName) and $(TargetExt) property values match the value specified in %(Link.OutputFile).
C:\Program Files (x86)\Microsoft Visual Studio\2017\Community\Common7\IDE\VC\VCTargets\Microsoft.CppBuild.targets(1218,5): warning MSB8012: TargetName(Game) does not match the Linker's OutputFile property value (Gamex86). This may cause your project to build incorrectly. To correct this, please make sure that $(OutDir), $(TargetName) and $(TargetExt) property values match the value specified in %(Link.OutputFile).
     Creating library ../Win32/Release\Gamex86.lib and object ../Win32/Release\Gamex86.exp
  game.vcxproj -> C:\Users\rlohi\Documents\IT266\IT266-003\Game-Mod-Q4\../Win32/Release\Game.dll
